c:\users\user\memorygamefork\memorygame\x64\debug\vc143.pdb
c:\users\user\memorygamefork\memorygame\x64\debug\.netframework,version=v4.7.2.assemblyattributes.obj
c:\users\user\memorygamefork\memorygame\x64\debug\form1.obj
c:\users\user\memorygamefork\x64\debug\memorygame.exe
c:\users\user\memorygamefork\x64\debug\memorygame.pdb
c:\users\user\memorygamefork\x64\debug\memorygame.lib
c:\users\user\memorygamefork\x64\debug\memorygame.exp
c:\users\user\memorygamefork\memorygame\x64\debug\card.obj
c:\users\user\memorygamefork\memorygame\x64\debug\rand.obj
c:\users\user\memorygamefork\memorygame\x64\debug\temp.obj
c:\users\user\memorygamefork\memorygame\x64\debug\memorygame1.res
c:\users\user\memorygamefork\memorygame\x64\debug\memorygame.tlog\cl.command.1.tlog
c:\users\user\memorygamefork\memorygame\x64\debug\memorygame.tlog\cl.items.tlog
c:\users\user\memorygamefork\memorygame\x64\debug\memorygame.tlog\cl.read.1.tlog
c:\users\user\memorygamefork\memorygame\x64\debug\memorygame.tlog\cl.write.1.tlog
c:\users\user\memorygamefork\memorygame\x64\debug\memorygame.tlog\link.command.1.tlog
c:\users\user\memorygamefork\memorygame\x64\debug\memorygame.tlog\link.read.1.tlog
c:\users\user\memorygamefork\memorygame\x64\debug\memorygame.tlog\link.secondary.1.tlog
c:\users\user\memorygamefork\memorygame\x64\debug\memorygame.tlog\link.write.1.tlog
c:\users\user\memorygamefork\memorygame\x64\debug\memorygame.tlog\metagen.read.1.tlog
c:\users\user\memorygamefork\memorygame\x64\debug\memorygame.tlog\metagen.write.1.tlog
c:\users\user\memorygamefork\memorygame\x64\debug\memorygame.tlog\rc.command.1.tlog
c:\users\user\memorygamefork\memorygame\x64\debug\memorygame.tlog\resgen.command.1.tlog
c:\users\user\memorygamefork\memorygame\x64\debug\memorygame.tlog\resgen.read.1.tlog
c:\users\user\memorygamefork\memorygame\x64\debug\memorygame.tlog\resgen.write.1.tlog
